epoch,accuracy,loss,val_accuracy,val_loss
0,0.99271154,0.025064822394573742,0.9969927072525024,0.014117722944650428
1,0.99702275,0.013050372649136043,0.996993899345398,0.013251108211772365
2,0.99702114,0.012402504037828846,0.9968206286430359,0.013365369134166196
3,0.9970202,0.012025174368747399,0.9968973398208618,0.01338972638309348
4,0.9970232,0.011794942090969278,0.9969146847724915,0.01299074162785079
5,0.9970263,0.011601236201299969,0.9969990849494934,0.012269822579197478
6,0.9970289,0.011448875065969782,0.9969453811645508,0.012378417650081732
7,0.9970305,0.011347300193967028,0.9969193339347839,0.012444527651943682
8,0.99703366,0.011251812986004294,0.9969692826271057,0.012253902173275067
9,0.99703676,0.011178188160204819,0.9970095753669739,0.01188476943177361
10,0.9970397,0.011099418813153418,0.9970003962516785,0.012084076731579315
11,0.9970442,0.011017955547389111,0.9969576001167297,0.011972782114671732
12,0.99704736,0.010934755285450163,0.9970220923423767,0.012032822007880292
13,0.9970504,0.010873336944872072,0.9969776272773743,0.011800141201975037
14,0.99705666,0.010807683985474551,0.9969906806945801,0.011743621989292003
15,0.99706197,0.0107449787082085,0.9970110654830933,0.011767686537960079
16,0.9970679,0.010682241815575252,0.9970133304595947,0.011588330525576254
17,0.9970745,0.010623046093686217,0.9970017075538635,0.011597510654528806
18,0.99708146,0.010561093163420614,0.9969699382781982,0.011769988930638162
19,0.9970874,0.01050256971575761,0.9969677329063416,0.011673912215830681
20,0.9970932,0.010458450971316643,0.9969728589057922,0.01185245681145895
21,0.9970999,0.010398207350584068,0.9969647526741028,0.011594958531862678
22,0.9971076,0.01034373520295001,0.996976375579834,0.011609570115231121
23,0.9971141,0.01028433237784553,0.9970202445983887,0.011682012153809984
24,0.9971216,0.010221895811018768,0.9970369338989258,0.011502651390093646
25,0.99713045,0.010166321989691226,0.9970072507858276,0.011535586459214354
26,0.9971384,0.010107333351389943,0.9970184564590454,0.011477981706951069
27,0.9971466,0.010053857958645699,0.9968982338905334,0.012089822093859708
28,0.99715465,0.009999140059571929,0.9969903230667114,0.01170883807059748
29,0.9971636,0.009941026582729452,0.997014582157135,0.011491386188983661
30,0.99717164,0.009890227731768765,0.9969778060913086,0.011523892750988338
31,0.9971795,0.009844091981858144,0.9970054626464844,0.011544800116826218
32,0.9971888,0.009794229869838376,0.9970330595970154,0.011396527977454112
33,0.99719495,0.009754316467039201,0.9970236420631409,0.011560159324232079
34,0.99720466,0.009700288846098654,0.9970453381538391,0.01147265633242667
35,0.9972118,0.00965867292467177,0.9969983100891113,0.011601318303990351
36,0.99721885,0.009614692561945044,0.9969502091407776,0.011670880185903837
37,0.99722755,0.009573489257105772,0.9970066547393799,0.011662935843510861
38,0.9972346,0.009532201597791268,0.9970330595970154,0.01146121753655663
39,0.99724203,0.009492289221866904,0.9970184564590454,0.011541874936933061
40,0.9972498,0.009453881769287279,0.997006356716156,0.011516767968797833
41,0.99725735,0.009408535530332,0.9969607591629028,0.011790122924744803
42,0.9972647,0.009373721219399738,0.996974766254425,0.011517222997413066
43,0.99727297,0.009332380344232038,0.9969539046287537,0.011708274432047182
44,0.9972795,0.009296637036907189,0.9969898462295532,0.01155997261245904
45,0.99728686,0.00925644170005197,0.9969522356987,0.011780322673635484
46,0.9972934,0.009223165911383396,0.9969017505645752,0.011739843080350915
47,0.9972999,0.009187059029737281,0.9968162775039673,0.01225468417443649
48,0.9973059,0.009157708739858337,0.9969577789306641,0.011634020431525064
49,0.99731356,0.009118714163581034,0.9969817399978638,0.011694175942177674
50,0.9973202,0.009086479152274117,0.9970170259475708,0.011583964236598377
51,0.99732655,0.00905369020012752,0.996971607208252,0.01192058280852068
52,0.99733424,0.009020591027183816,0.9968928098678589,0.011700514985531384
53,0.9973372,0.009001951625985006,0.9969820380210876,0.011708606527826942
54,0.99734485,0.008968950798553062,0.997004508972168,0.011590738109909354
55,0.99735206,0.00893162289195795,0.9968891143798828,0.012023880723309129
56,0.99735767,0.008908162778765289,0.9969427585601807,0.01178794685370228
57,0.99736345,0.008877000012309864,0.9969329237937927,0.011728192522241273
58,0.99737054,0.008846098327724577,0.996992290019989,0.011646347366535758
59,0.9973767,0.00881961881677521,0.9969245195388794,0.0119054212410573
60,0.9973794,0.008800413100791335,0.9970117807388306,0.011571218297311118
61,0.997387,0.00876612050908979,0.9969191551208496,0.011924830501008444
62,0.9973917,0.008745835211098809,0.9969767332077026,0.011702094623746776
63,0.99739873,0.008712207370812778,0.9970000982284546,0.011720976115457853
64,0.997403,0.008691021073973512,0.9969635605812073,0.011988338633030681
65,0.99740875,0.008666972742550542,0.9970005750656128,0.01165870193107356
66,0.99741423,0.008641713103965748,0.9969581365585327,0.011777647310774755
67,0.9974182,0.008619333996550084,0.9969839453697205,0.011709406557467618
68,0.9974225,0.008603502490056092,0.9969613552093506,0.01220347521166204
69,0.99742717,0.008578159687011661,0.9969891905784607,0.011794374894443568
70,0.99743444,0.00854721387301823,0.9970117211341858,0.0116587364093714
71,0.99743575,0.008538154046077344,0.996984601020813,0.01174737889135452
72,0.99744225,0.008513145598159057,0.9969704151153564,0.011749078798219268
73,0.99744564,0.008491963018204818,0.9969835877418518,0.011934219141904
74,0.9974499,0.008471930064018961,0.9969539046287537,0.011817232973937808
75,0.997455,0.00845239091183143,0.9969819784164429,0.011952226234753104
76,0.99745923,0.00843105038887899,0.99698406457901,0.011701687176487357
77,0.9974632,0.008413842444262935,0.9969449043273926,0.011879556932707955
78,0.99746716,0.008394158515103991,0.9969751238822937,0.01186939304225994
79,0.997471,0.008377301784349193,0.9969934821128845,0.011771227353822708
80,0.9974752,0.008358912386618452,0.9968748092651367,0.011882974959820604
81,0.99747884,0.008340028630132503,0.9969578385353088,0.011833620778720886
82,0.99748135,0.008326178643275003,0.9969938397407532,0.011783658278961936
83,0.99748826,0.00830020886062811,0.99695885181427,0.01185069648340682
84,0.99748915,0.008295030833123048,0.9970279335975647,0.011791414828940677
85,0.99749285,0.008278339506199632,0.9969474077224731,0.011961062344589702
86,0.9974971,0.008258997362634815,0.9969083666801453,0.011894258035032529
87,0.9975009,0.008243628695127254,0.9969287514686584,0.012192322640751471
88,0.9975033,0.008228111499149234,0.9968961477279663,0.012196597438930102
89,0.9975074,0.008213881446227068,0.9969620704650879,0.012003482488270253
90,0.9975087,0.008202563904616163,0.9969803690910339,0.011847844396374728
91,0.99751353,0.008183017558878472,0.9969666004180908,0.01187480679142953
92,0.99751717,0.008165671604365992,0.9969668984413147,0.011877697407201527
93,0.99751896,0.008157696524702569,0.9969655275344849,0.012071775961866158
94,0.9975222,0.008143001559439747,0.9969018697738647,0.012051435040233621
95,0.9975259,0.008124213465244216,0.9969367384910583,0.011934748876754053
96,0.9975304,0.008110392565983914,0.996906578540802,0.01194556438145867
97,0.9975325,0.00809339730817757,0.996951162815094,0.012001451560161627
98,0.99753493,0.008085915596278586,0.9968965649604797,0.012072389396607016
99,0.9975375,0.008074590972510462,0.9969150424003601,0.012096694018569672
100,0.9975414,0.008057960997304485,0.9969490170478821,0.01200918601046097
101,0.99754345,0.008047133434586412,0.9969356060028076,0.01198506286801426
102,0.99754524,0.008040464493939007,0.9969065189361572,0.012271976204825197
103,0.99754643,0.00802991826030524,0.9969539642333984,0.012057890581418165
104,0.99755234,0.008005490842747588,0.9968885779380798,0.011997564827475929
105,0.9975534,0.00799876178337144,0.9969289898872375,0.011923226159806274
106,0.99755865,0.007978793120208057,0.996968150138855,0.011928416410920536
107,0.9975593,0.007977756518788572,0.9969271421432495,0.01223163924117697
108,0.9975616,0.007964564064003326,0.996944010257721,0.012153150260135864
109,0.99756354,0.00795412389185144,0.9969717860221863,0.01199783601486397
110,0.9975675,0.007935631775419979,0.9969340562820435,0.011972760021097652
111,0.9975692,0.007932140005112904,0.9969519972801208,0.012029812243348606
112,0.9975725,0.007915997048135177,0.9969716668128967,0.012001685963011755
113,0.9975736,0.007912279371927556,0.9969721436500549,0.011935010989372606
114,0.99757594,0.007899423898315477,0.9969543814659119,0.012043887188671724
115,0.99757886,0.007886421723756061,0.9969309568405151,0.012082254798431525
116,0.9975811,0.007881143539957388,0.9969248175621033,0.012092429212353654
117,0.9975832,0.007864713827253378,0.9969590306282043,0.012044221068948568
118,0.99758446,0.00786057971299214,0.9969592690467834,0.01213529843702357
119,0.99758786,0.007848432715942481,0.9969618916511536,0.01195283890824809
120,0.9975887,0.007836062201636554,0.9969482421875,0.01198873979477852
121,0.9975894,0.00783674260567688,0.996962308883667,0.01196021251247871
122,0.99759465,0.00781507514338014,0.9969140291213989,0.012205021790106503
123,0.99759555,0.007811703681005519,0.9969049692153931,0.012136830335842645
124,0.99759656,0.007803547815009169,0.996965765953064,0.011938524108898507
125,0.99759924,0.007794575576679612,0.9969560503959656,0.012089019154424714
126,0.99760103,0.007786728628409256,0.996974766254425,0.011988823527114728
127,0.99760216,0.007778568155908382,0.9969728589057922,0.012145577840078612
128,0.9976059,0.007765944705202586,0.996915340423584,0.01207714959613436
129,0.99760467,0.007767718124282726,0.9968711137771606,0.012123454582643188
130,0.99760836,0.007752342918997834,0.9969552159309387,0.012086589843185459
131,0.99761045,0.0077423156691868635,0.9969916939735413,0.012094989194307775
132,0.99761045,0.007742993639485393,0.9969556331634521,0.011962787660041493
133,0.99761313,0.007729329659996921,0.9969432950019836,0.012092253376767639
134,0.99761236,0.007730961725706731,0.9969600439071655,0.012099192578762094
135,0.9976174,0.007710993474332384,0.9969721436500549,0.012255514733455649
136,0.9976201,0.007702232825901494,0.9969412088394165,0.012156701307115115
137,0.9976209,0.007697536894322095,0.9969345927238464,0.01212953732651279
138,0.9976223,0.007689684827541477,0.996932327747345,0.012117214288439034
139,0.9976251,0.0076747744301317216,0.9969750642776489,0.01204081109823845
140,0.99762404,0.007680464546989306,0.9969724416732788,0.012069409824091411
141,0.99762815,0.0076673545753517735,0.996910810470581,0.012084581869151803
142,0.9976281,0.007660890487269776,0.9969449043273926,0.012073386696731248
143,0.99763066,0.007653784166257095,0.9968956708908081,0.012201953932955529
144,0.9976317,0.00764765028855556,0.9969460368156433,0.012033904071441637
145,0.9976336,0.00763853080180453,0.996955394744873,0.012044399045058897
146,0.9976333,0.007640940908414276,0.9969580173492432,0.012115071427707123
147,0.9976351,0.007627433772288174,0.9969233870506287,0.01206204079396466
148,0.99763775,0.0076180006992600195,0.9969465136528015,0.012100892358112925
149,0.99764204,0.007605256115588938,0.9969716668128967,0.012117828502218405
150,0.9976405,0.007607794266306237,0.9969249963760376,0.012080550431545128
151,0.99764204,0.007598971424314529,0.9969064593315125,0.012190889906941293
152,0.997643,0.0075940099628136965,0.9969159960746765,0.012183202742849269
153,0.99764436,0.007592032683405851,0.9969475269317627,0.012239768533522793
154,0.9976467,0.007581823567484732,0.9969345927238464,0.012134641443982254
155,0.99764705,0.007576756662543488,0.9969133734703064,0.012169777076760466
156,0.99764985,0.0075636080099611685,0.9969571828842163,0.01206827640259929
157,0.99765056,0.007561720450085754,0.9969140887260437,0.012141209867428608
158,0.9976519,0.007559868438967584,0.9969342350959778,0.012228849932333686
159,0.9976524,0.007556617513361243,0.9969416260719299,0.012201474634482186
160,0.99765474,0.00753876355489701,0.9969667792320251,0.012135742012063178
161,0.9976548,0.007540036399315717,0.9969031810760498,0.012234826761853116
162,0.997656,0.007536997223146564,0.996941864490509,0.012194043604507387
163,0.997659,0.007523560607757818,0.9969233274459839,0.01212483808735958
164,0.99766016,0.007519173690334124,0.9969866275787354,0.012216434338693316
165,0.99766004,0.007518165085720015,0.9969465136528015,0.012144836454977924
166,0.99766165,0.007514585611321491,0.9968150854110718,0.012427048391004385
167,0.9976627,0.007508728991758711,0.9969719648361206,0.012279431879350166
168,0.9976639,0.007501048327056109,0.9969452619552612,0.012193117856262082
169,0.99766517,0.007497431595436508,0.9969226717948914,0.012147611568434717
170,0.99766636,0.007493287856354097,0.9969192743301392,0.012244666061875391
171,0.9976669,0.007489165081935829,0.9969289898872375,0.012221697697670278
172,0.9976674,0.007486197185264532,0.996929407119751,0.01212023066799501
173,0.9976689,0.007475674684792809,0.9969540238380432,0.012263202062914558
174,0.9976711,0.007469326372354518,0.996963620185852,0.012233278310297245
175,0.99767184,0.007465991437835833,0.9969525933265686,0.012094199105170608
176,0.9976717,0.00746213944524831,0.9969509840011597,0.012332711653132567
177,0.99767417,0.007453791959816964,0.9969121217727661,0.012196012711392111
178,0.99767554,0.007451854444502473,0.9969334006309509,0.012435097079901999
179,0.9976756,0.0074459850546995995,0.9969589710235596,0.012270714370015744
180,0.99767673,0.00744806836868784,0.9969422221183777,0.012274913776942934
181,0.99767715,0.007438265672937253,0.9969435930252075,0.012250230191817979
182,0.9976793,0.0074340309778469105,0.9968995451927185,0.012296512782975604
183,0.9976792,0.007431955734397327,0.9969491958618164,0.012200612657848067
184,0.997681,0.007421238846800905,0.9969236850738525,0.012245753485905496
185,0.9976818,0.007420275584217019,0.9969169497489929,0.012224357247933129
186,0.997684,0.007410191959255999,0.9969640374183655,0.012192803785123949
187,0.9976828,0.007416460258241691,0.9969423413276672,0.012187662707283426
188,0.9976838,0.007411121323125217,0.9969439506530762,0.012233273638508298
189,0.99768746,0.007394888268539474,0.9969594478607178,0.012234037350231755
190,0.9976866,0.007399814351628363,0.9969898462295532,0.012246186950888208
191,0.9976899,0.007384593890373783,0.9969338774681091,0.012423803497089788
192,0.99769044,0.007385956112410477,0.9969495534896851,0.012208783219000287
193,0.9976913,0.007379639412014221,0.9969719052314758,0.01223792809463436
194,0.9976913,0.0073769483551577725,0.9969595074653625,0.012240979024356481
195,0.9976938,0.0073673674257345246,0.9969313144683838,0.012397524066748055
196,0.99769306,0.00736852559585412,0.9969466328620911,0.012252278509091897
197,0.9976947,0.0073618788750273055,0.9969479441642761,0.012207355080924246
198,0.9976953,0.007359024187874891,0.9969605207443237,0.012250450283629458
199,0.99769664,0.007355585634783405,0.9969343543052673,0.012231258088298941
200,0.9976974,0.007353457765188946,0.9969524145126343,0.012350003668519637
201,0.9976977,0.0073490669985664695,0.9969556927680969,0.0122817138663128
202,0.9976988,0.007346444942917426,0.996954083442688,0.012225363544504346
203,0.99769956,0.007337826306146659,0.9969359040260315,0.012262805904561627
204,0.99769944,0.007341519603210161,0.9969228506088257,0.012256632618484682
205,0.9977023,0.007328461120789053,0.9969477653503418,0.01228320689170319
206,0.99770343,0.007325813912872536,0.9969277381896973,0.012243689437844955
207,0.9977021,0.007330958246298967,0.996946394443512,0.012254140266004653
208,0.99770343,0.0073219619939927805,0.996936559677124,0.012296442124217408
209,0.9977054,0.0073153031409645035,0.9969204068183899,0.012359534591048436
210,0.99770516,0.007316335305993852,0.9969065189361572,0.01232703741431225
211,0.9977057,0.007314519455601359,0.9969263076782227,0.01229160843969318
212,0.99770796,0.007304622751089733,0.9969546794891357,0.012277899386047602
213,0.9977093,0.0072977031320817475,0.9969139099121094,0.01227286611555455
214,0.99770933,0.007296018174214067,0.996957540512085,0.012236223525574734
215,0.99770874,0.007296038281332676,0.9969722032546997,0.012443665558087466
216,0.9977112,0.007293524884325189,0.9969667792320251,0.01227446413705536
217,0.99771065,0.007292667777436121,0.996951699256897,0.012225014701315384
218,0.99771345,0.007282188140871145,0.9969586730003357,0.012280242819367645
219,0.99771184,0.007283844820980315,0.996926486492157,0.0122526762488965
220,0.99771404,0.007276093358397307,0.9969468712806702,0.012297614573341092
221,0.9977153,0.007270715975212873,0.9969305396080017,0.012448944990097707
222,0.9977132,0.0072791701853574566,0.9969154000282288,0.012253751533811046
223,0.9977164,0.007265846168211901,0.9969432353973389,0.012300603761557314
224,0.99771684,0.007263362421746992,0.9969733357429504,0.012336844418949347
225,0.9977177,0.007262380856152934,0.9969306588172913,0.01241906600864578
226,0.99772,0.007247523316125391,0.9969406127929688,0.012329602641955166
227,0.99771893,0.007254373783716378,0.9969403743743896,0.01224160389592695
228,0.99772054,0.007248753700067301,0.9969283938407898,0.012328443890372942
229,0.99772,0.007251469751707837,0.9969221949577332,0.012352574088822302
230,0.9977195,0.0072481307028086665,0.9968820810317993,0.012484430633227149
231,0.9977229,0.0072335833830471305,0.9969574809074402,0.012258855180822188
232,0.997722,0.007239440924395735,0.9969416260719299,0.012291802449588317
233,0.99772185,0.00723788745342565,0.9969476461410522,0.012334030944561664
234,0.9977246,0.007229483947528246,0.9969341158866882,0.012272691404044706
235,0.99772495,0.0072270116280301775,0.9969459176063538,0.01228499471601207
236,0.9977238,0.007234333626489795,0.9969674348831177,0.012465201418042339
237,0.9977263,0.007224262812940844,0.9969529509544373,0.012273826513395458
238,0.9977266,0.007221012113099177,0.9969760775566101,0.012303869354591475
239,0.9977279,0.007213221504141007,0.996918797492981,0.012440739911224739
240,0.9977263,0.007220225176304471,0.9969642758369446,0.012362224233549038
241,0.99773,0.00720636654143844,0.9969192743301392,0.012320826158044735
242,0.99772817,0.007214446054177816,0.9969464540481567,0.012412321579187835
243,0.9977271,0.0072148024501199745,0.9969300627708435,0.012338810433403543
244,0.99773085,0.007199332368045012,0.9969347715377808,0.012350769392904616
245,0.9977315,0.007199588679276916,0.9969493746757507,0.012280965592320725
246,0.99773264,0.0071884049640001,0.9969375133514404,0.012314255901084318
247,0.99773264,0.007193891510442579,0.9969439506530762,0.012319847155382603
248,0.9977341,0.007185049095205563,0.9969382286071777,0.012303327216003959
249,0.99773395,0.007189474956931527,0.9969356656074524,0.012399015299966103
250,0.99773544,0.007177177999998262,0.996951699256897,0.01236461869441496
251,0.99773467,0.007181897181713682,0.996954083442688,0.012340042271915949
252,0.9977359,0.007177498061151727,0.9969491362571716,0.012387171263472822
253,0.99773693,0.007174541322617125,0.9968959093093872,0.012426209090914948
254,0.99773586,0.007177236112037665,0.9969560503959656,0.012333336487373378
255,0.99773693,0.007173482856014859,0.9969321489334106,0.01231575235696539
256,0.9977384,0.007170923984571028,0.9969079494476318,0.012367421021539524
257,0.99773884,0.00716559954095112,0.9969584345817566,0.012393318398904993
258,0.9977409,0.007155294659474816,0.9969584941864014,0.012354840828888335
259,0.99774146,0.0071540602497772365,0.9969569444656372,0.01245041294251908
260,0.99773955,0.007162114538804331,0.9969380497932434,0.012397256662214733
261,0.99774194,0.007150670730061906,0.9969549775123596,0.012354771134421428
262,0.9977418,0.0071526771097903145,0.9969263672828674,0.012392018703800682
263,0.9977405,0.007155758069765713,0.9969679117202759,0.012434703060852318
264,0.9977421,0.007148821558101341,0.9969357848167419,0.01233842395878191
265,0.9977445,0.007137437406559732,0.9969725608825684,0.012338336542846001
266,0.9977459,0.007137225371828228,0.9969553351402283,0.012371579978121735
267,0.99774545,0.007141914991348787,0.99693363904953,0.012389150593101163
268,0.99774456,0.007135928930325128,0.9969143271446228,0.012506252972122702
269,0.99774754,0.007127733138988138,0.9968994855880737,0.012460964030807195
270,0.9977452,0.0071371957426451995,0.996912956237793,0.012448762868127922
271,0.99774694,0.007128786709473471,0.9969416260719299,0.01246145767852103
272,0.99774694,0.007127947559246582,0.9969752430915833,0.01233016407404372
273,0.9977471,0.0071257378699897695,0.9969382286071777,0.012464078136959267
274,0.9977487,0.00712018115772484,0.9969432950019836,0.012440310485520084
275,0.9977469,0.007125066505241845,0.9969285130500793,0.012380759736394298
276,0.9977497,0.007118059635957806,0.9969313740730286,0.012442728078212938
277,0.99775046,0.007114319466227164,0.9969392418861389,0.012362808750366357
278,0.99775034,0.007114359327835524,0.9969332218170166,0.012458964612242166
279,0.99774903,0.0071138606339229025,0.9969338178634644,0.012473647530663547
280,0.997751,0.007110818161409403,0.9969242215156555,0.012398134733861272
281,0.99775136,0.007105735967648447,0.996905505657196,0.012372166558885244
282,0.9977519,0.007105249911615982,0.9969611763954163,0.012579952658484281
283,0.9977528,0.007099230021382787,0.9969379901885986,0.012390906664525933
284,0.997754,0.007095914936536628,0.9969205260276794,0.012485713872233118
285,0.99775356,0.007098549852459155,0.9969362020492554,0.012321826933315684
286,0.9977551,0.007092598737022133,0.9969349503517151,0.012371092871470628
287,0.9977537,0.007096525117857277,0.9969044327735901,0.012444805390162959
288,0.99775475,0.0070902791004616855,0.9969453811645508,0.012325428201590032
289,0.99775547,0.007088633863298608,0.9969614148139954,0.012469118950833741
290,0.99775696,0.007085550050149122,0.9969621300697327,0.01248042299746239
291,0.9977556,0.0070881646425403864,0.9969006776809692,0.012636289900260531
292,0.99775654,0.007082823312498772,0.9968990683555603,0.012427692738188788
293,0.9977589,0.007075954540789225,0.9969541430473328,0.012358466801021649
294,0.99775755,0.007082510761709553,0.996949315071106,0.012524244574909131
295,0.99775875,0.007075722633732524,0.9968940615653992,0.012573420429627733
296,0.9977586,0.007078261184300605,0.9969416856765747,0.012393007399264872
297,0.99775946,0.007073331148632711,0.9969667792320251,0.012554374121382099
298,0.99775976,0.0070711526904328305,0.9969374537467957,0.01242674575739361
299,0.99776006,0.007072442533589842,0.9969052076339722,0.012476379506737915
300,0.9977641,0.007053715936772338,0.9969511032104492,0.012365746475989217
301,0.9977624,0.007063317827904028,0.9969360828399658,0.012456943420719443
302,0.99776405,0.007051993597498001,0.9969514012336731,0.01244298828091374
303,0.9977617,0.0070620804539165164,0.9969364404678345,0.01260509164203227
304,0.99776226,0.007061686445884558,0.9969467520713806,0.01245679193418623
305,0.99776465,0.007051190791204003,0.9969075918197632,0.012464630531782424
306,0.9977628,0.007054969297863671,0.9969481229782104,0.012540910208095748
307,0.99776566,0.007045609819777897,0.9969318509101868,0.012353630742052228
308,0.9977654,0.007046342880559211,0.9969370365142822,0.01244929002077755
309,0.9977654,0.0070451620791070835,0.9969295859336853,0.012450467732684914
310,0.99776495,0.007049419479260815,0.9969657063484192,0.012430303166811443
311,0.99776626,0.007041981031927559,0.9969460964202881,0.012456204876510207
312,0.99776614,0.0070423864858844025,0.9969359040260315,0.01241369105318687
313,0.9977651,0.007044769047541398,0.9969370365142822,0.012400887706645823
314,0.9977669,0.007038871133179071,0.996943473815918,0.012467664866902718
315,0.997767,0.007034943289018456,0.9969531297683716,0.012483736557010676
316,0.9977667,0.007040530597395935,0.996920645236969,0.012387799938481651
317,0.9977675,0.0070393374048415055,0.9969175457954407,0.012428198153466003
318,0.99776757,0.00703436229361821,0.9969296455383301,0.012449626745434596
319,0.9977693,0.0070273537855371085,0.9969488382339478,0.012467455956893013
320,0.99777067,0.0070284825013679835,0.9969329833984375,0.012424755790557815
321,0.9977711,0.007021000179070782,0.9969054460525513,0.012518215090340611
322,0.9977722,0.007016661687626907,0.9969490766525269,0.012430825447766584
323,0.9977715,0.007019410483365642,0.9969508051872253,0.01243633207573574
324,0.9977729,0.007011693422497391,0.996955931186676,0.01242529049810175
325,0.9977718,0.0070187372540790735,0.9969325065612793,0.012392225400545576
326,0.9977715,0.0070194170588281455,0.9969466924667358,0.0123390070361398
327,0.99777216,0.007013807666199719,0.9969040751457214,0.012904133123669604
328,0.99777323,0.00700809769101033,0.9969437718391418,0.012459065252295771
329,0.99777406,0.007007775618064327,0.996949315071106,0.01241031042899358
330,0.9977743,0.007007676000423935,0.996956467628479,0.01238551968438256
331,0.99777406,0.007007086591346744,0.9969615936279297,0.012586659594315293
332,0.9977752,0.007002972122491459,0.9969390034675598,0.012410259649149151
333,0.99777585,0.006999095499571507,0.9969354867935181,0.01271333090861899
334,0.9977747,0.007002829048695948,0.9969218969345093,0.012436310558852508
335,0.9977761,0.006999889574035171,0.9969462156295776,0.012382051546219405
336,0.9977773,0.006998042672560162,0.9969285130500793,0.012422000824997635
337,0.9977763,0.006996323864285036,0.9968968629837036,0.012497789472255017
338,0.99777675,0.006997817587143442,0.9969384670257568,0.012476881825398094
339,0.99777925,0.006983963102357209,0.9969525933265686,0.012509799098913803
340,0.9977784,0.006991664723087766,0.99695885181427,0.012491266393699456
341,0.99777716,0.006990643472211321,0.9969474673271179,0.012399421953534249
342,0.9977784,0.006990059629733119,0.9969230890274048,0.012429300130130893
343,0.9977784,0.0069865836347585844,0.9969373345375061,0.012584297957380605
344,0.9977808,0.006978236932379896,0.9969601035118103,0.012474348549149326
345,0.9977797,0.0069840826262440705,0.9969452023506165,0.012541746946045089
346,0.99778,0.0069803255410196404,0.9969432950019836,0.012491235684301327
347,0.9977811,0.006974340448080075,0.9969571232795715,0.012425841070749292
348,0.99777955,0.006981586897417831,0.9968793392181396,0.01252297560246021
349,0.9977805,0.006977547803159564,0.9969322681427002,0.01245136250289812
350,0.997783,0.006967154755463507,0.9969611763954163,0.012462657027673602
351,0.99778265,0.006972112892656302,0.9969566464424133,0.012523862100491522
352,0.9977824,0.006967224915351467,0.9969245791435242,0.012503048478315041
353,0.9977834,0.006966085735996471,0.9969230890274048,0.01246945974686537
354,0.99778587,0.006954697467926877,0.9969483613967896,0.012505417175787757
355,0.99778265,0.006971083854318743,0.9969426393508911,0.012501143952083288
356,0.99778384,0.006964880924978173,0.9969632029533386,0.01258878617094438
357,0.99778575,0.006959969917436773,0.9969490766525269,0.012546474115455904
358,0.9977838,0.006963097250750757,0.9969506859779358,0.012523163646587966
359,0.9977839,0.006962489560669502,0.9969531893730164,0.012457295307496398
360,0.9977856,0.006956917609046651,0.9969236850738525,0.012675713807048591
361,0.9977858,0.006954016564604178,0.9969549775123596,0.012590872488412144
362,0.9977872,0.0069506915463894816,0.9969357252120972,0.012464790231537608
363,0.99778646,0.006952023193118982,0.9969331622123718,0.012454979772337435
364,0.99778867,0.006942470431238964,0.9969397187232971,0.012438930962866199
365,0.99778646,0.0069507415995744785,0.9969059824943542,0.01245940595273557
366,0.9977869,0.006953901257554368,0.9969608783721924,0.012432269798077142
367,0.9977889,0.006942649244411274,0.9969571828842163,0.012527564807743878
368,0.99778694,0.006950783846617413,0.9969614744186401,0.012487569417072538
369,0.99778837,0.00694848913184912,0.9969234466552734,0.01248268887720197
370,0.9977887,0.0069407170554066045,0.9969362020492554,0.012538669678681039
371,0.997789,0.0069446472250795956,0.9969624876976013,0.012545647709448143
372,0.99778926,0.006937229445847557,0.9969521164894104,0.012521600230026722
373,0.99779105,0.006934257140541993,0.9969452619552612,0.012476180117534751
374,0.99779016,0.006933511880871238,0.9969137907028198,0.01250679385406144
375,0.9977913,0.006928069223755559,0.9969395995140076,0.012440860516364307
376,0.99779075,0.006933824458331029,0.9969523549079895,0.01252988201087558
377,0.9977902,0.006936745411536935,0.9969468712806702,0.012509083121702408
378,0.99779356,0.00692007089799711,0.9969462156295776,0.012516444918423427
379,0.9977932,0.006925672725696299,0.9969528913497925,0.012552241273022006
380,0.99779165,0.00692655734359375,0.9969313144683838,0.01249960881744594
381,0.9977917,0.006924264549591674,0.9969549775123596,0.012498502285167572
382,0.9977954,0.006915868828153502,0.9969213008880615,0.01249832038508247
383,0.9977931,0.00692190093406359,0.9969522356987,0.012451352960810185
384,0.9977923,0.0069279194421376054,0.9969294667243958,0.012441570087527712
385,0.99779254,0.006925546209847248,0.9969437718391418,0.01245386488972911
386,0.9977958,0.006913408779913341,0.996940553188324,0.012405739898306196
387,0.99779505,0.006911369023520766,0.996942937374115,0.012483910639847256
388,0.997795,0.0069114784585415645,0.9969637989997864,0.01253569132513568
389,0.9977959,0.006911107581263059,0.9969295859336853,0.01255430116144252
390,0.9977948,0.006916008476870081,0.9969224333763123,0.01250985498489691
391,0.9977964,0.006908767417366603,0.9969332218170166,0.0125231454813496
392,0.99779576,0.006914283131025447,0.9969423413276672,0.012478274678925512
393,0.99779904,0.006897961976007366,0.9969439506530762,0.012592675997804984
394,0.99779624,0.006909060428762513,0.9969348907470703,0.012501235633368437
395,0.9977969,0.006906654503475237,0.9969292879104614,0.012529713751465266
396,0.9977981,0.006900060290403662,0.996961236000061,0.012473987216574018
397,0.99780077,0.0068885818099848565,0.9969379305839539,0.01245949085048967
398,0.9977998,0.006897829204396324,0.9969524145126343,0.012486306527961974
399,0.99779844,0.006900898251977351,0.9969290494918823,0.012563235203362758
